  6603 富強鑫: tech=['EV'], supply=[]
  6596 寬宏藝術: tech=['伺服器'], supply=[]
  6624 萬年清: tech=['風電'], supply=[]
  6641 基士德-KY: tech=['矽光子', '風電'], supply=[]
  6689 伊雲谷: tech=['伺服器'], supply=[]
  6692 進能服: tech=['太陽能'], supply=[]
  6763 綠界科技*: tech=['風電', 'PA功率放大器'], supply=[]
  6771 平和環保-創: tech=['風電'], supply=[]
  6790 永豐實: tech=['射頻'], supply=[]
  6803 崑鼎: tech=['風電'], supply=['NVIDIA供應鏈']
  6806 森崴能源: tech=['太陽能', 'PCB', '風電'], supply=[]
  6869 雲豹能源: tech=['太陽能', '儲能'], supply=[]
  6873 泓德能源: tech=['太陽能', '儲能'], supply=[]
  6881 潤德: tech=[], supply=['NVIDIA供應鏈']
  6901 鑽石投資: tech=['新藥研發'], supply=[]
  6910 德鴻: tech=['記憶體'], supply=[]
  6923 中台: tech=['AI伺服器', '伺服器'], supply=[]
  6944 兆聯實業: tech=['封測', '風電', '晶圓代工', '記憶體'], supply=[]
  6951 青新-創: tech=['風電'], supply=[]
  6971 惠民實業: tech=['風電'], supply=[]
  6994 富威電力: tech=['儲能'], supply=[]
  7722 LINEPAY: tech=['PA功率放大器'], supply=[]
  7740 熙特爾-創: tech=['風電', '儲能', '電池'], supply=[]
  7777 能率亞洲: tech=[], supply=['NVIDIA供應鏈']
  7786 東方風能: tech=['風電'], supply=[]
  8044 網家: tech=[], supply=['Google供應鏈']
  8080 泰霖: tech=['IC設計'], supply=[]
  8087 麗升能源: tech=['太陽能', '電池'], supply=[]
  8171 天宇: tech=['AI伺服器', 'EV', '伺服器', '電源供應器', '儲能'], supply=[]
  8341 日友: tech=['風電'], supply=[]
  8390 金益鼎: tech=['風電', 'AI伺服器', '伺服器', '太陽能'], supply=[]
  8421 旭源: tech=['先進封裝', '面板'], supply=[]
  8422 可寧衛*: tech=['風電'], supply=[]
  8424 惠普: tech=['記憶體'], supply=[]
  8438 昶昕: tech=['風電'], supply=[]
  8440 綠電: tech=['風電'], supply=[]
  8444 綠河-KY: tech=[], supply=['三星供應鏈']
  8450 霹靂: tech=[], supply=['Apple供應鏈']
  8472 夠麻吉: tech=['PCB'], supply=[]
  8473 山林水: tech=['風電'], supply=[]
  8476 台境*: tech=['風電'], supply=[]
  8929 富堡: tech=[], supply=['博通供應鏈']
  8935 邦泰: tech=[], supply=['Tesla供應鏈']
  8937 合騏: tech=['EV', '風電'], supply=[]
  8938 明安: tech=['車用電子'], supply=[]
  9902 台火: tech=[], supply=['NVIDIA供應鏈']
  9907 統一實: tech=['記憶體'], supply=[]
  9910 豐泰: tech=[], supply=['Apple供應鏈']
  9911 櫻花: tech=[], supply=['NVIDIA供應鏈']
  9937 全國: tech=['PLP'], supply=[]
  9945 潤泰新: tech=[], supply=['NVIDIA供應鏈']
  9955 佳龍: tech=['風電'], supply=[]

📊 889 檔處理, 52 檔更新, 累計 1952/1952
